  powershell -ExecutionPolicy Bypass -file build.ps1 -prjout "x86_64-debug/monitoramento" -temp "x86_64-debug/obj/" -project "monitoramento" -rtm "jse/x86_64/generic" -files "../web1/appwebsocket/innovaphone.appwebsocket.Connection.js, ../web1/lib1/*.js, ../web1/lib1/*.css, ../web1/ui1.lib/*.js, ../web1/ui1.svg/*.js, ../web1/fonts/*.ttf, httpfiles/*, build.txt, label.txt, config.json, plugins.json, wecom-monitoramentoservice.js," -copyRTM 1
  Building project ...
      Project output dirctory : x86_64-debug/monitoramento
      Temp directory          : x86_64-debug\obj\monitoramento
      Runtime binary          : jse/x86_64/generic
      Build Number            : 13B103
  
  Removing old files from x86_64-debug\obj\monitoramento...
  Creating directories...
  Checking for new items to add...
      .\monitoramento\..\web1\appwebsocket\innovaphone.appwebsocket.Connection.js => x86_64-debug\obj\monitoramento\web1\appwebsocket
      .\monitoramento\..\web1\lib1\*.js => x86_64-debug\obj\monitoramento\web1\lib1
      .\monitoramento\..\web1\lib1\*.css => x86_64-debug\obj\monitoramento\web1\lib1
      .\monitoramento\..\web1\ui1.lib\*.js => x86_64-debug\obj\monitoramento\web1\ui1.lib
      .\monitoramento\..\web1\ui1.svg\*.js => x86_64-debug\obj\monitoramento\web1\ui1.svg
      .\monitoramento\..\web1\fonts\*.ttf => x86_64-debug\obj\monitoramento\web1\fonts
      .\monitoramento\httpfiles\* => x86_64-debug\obj\monitoramento
      .\monitoramento\build.txt => x86_64-debug\obj\monitoramento
      .\monitoramento\label.txt => x86_64-debug\obj\monitoramento
      .\monitoramento\config.json => x86_64-debug\obj\monitoramento
      .\monitoramento\plugins.json => x86_64-debug\obj\monitoramento
      .\monitoramento\wecom-monitoramentoservice.js => x86_64-debug\obj\monitoramento
  
  Compressing files to x86_64-debug\monitoramento\httpfiles.zip...
  Comando de build remoto não configurado, ignorando.
