  powershell -ExecutionPolicy Bypass -file build.ps1 -prjout "x86_64-debug/cotacao" -temp "x86_64-debug/obj/" -project "cotacao" -rtm "jse/x86_64/generic" -files "../web1/appwebsocket/innovaphone.appwebsocket.Connection.js, ../web1/lib1/*.js, ../web1/lib1/*.css, ../web1/ui1.lib/*.js, ../web1/ui1.svg/*.js, ../web1/fonts/*.ttf, httpfiles/*, build.txt, label.txt, config.json, plugins.json, wecom-cotacaoservice.js," -copyRTM 1
  Building project ...
      Project output dirctory : x86_64-debug/cotacao
      Temp directory          : x86_64-debug\obj\cotacao
      Runtime binary          : jse/x86_64/generic
      Build Number            : 13B311
  
  Removing old files from x86_64-debug\obj\cotacao...
  Creating directories...
  Checking for new items to add...
      .\cotacao\..\web1\appwebsocket\innovaphone.appwebsocket.Connection.js => x86_64-debug\obj\cotacao\web1\appwebsocket
      .\cotacao\..\web1\lib1\*.js => x86_64-debug\obj\cotacao\web1\lib1
      .\cotacao\..\web1\lib1\*.css => x86_64-debug\obj\cotacao\web1\lib1
      .\cotacao\..\web1\ui1.lib\*.js => x86_64-debug\obj\cotacao\web1\ui1.lib
      .\cotacao\..\web1\ui1.svg\*.js => x86_64-debug\obj\cotacao\web1\ui1.svg
      .\cotacao\..\web1\fonts\*.ttf => x86_64-debug\obj\cotacao\web1\fonts
      .\cotacao\httpfiles\* => x86_64-debug\obj\cotacao
      .\cotacao\build.txt => x86_64-debug\obj\cotacao
      .\cotacao\label.txt => x86_64-debug\obj\cotacao
      .\cotacao\config.json => x86_64-debug\obj\cotacao
      .\cotacao\plugins.json => x86_64-debug\obj\cotacao
      .\cotacao\wecom-cotacaoservice.js => x86_64-debug\obj\cotacao
  
  Compressing files to x86_64-debug\cotacao\httpfiles.zip...
  Comando de build remoto não configurado, ignorando.
