  powershell -ExecutionPolicy Bypass -file build.ps1 -prjout "arm-debug/cotacao" -temp "arm-debug/obj/" -project "cotacao" -rtm "jse/arm/generic" -files "../web1/appwebsocket/innovaphone.appwebsocket.Connection.js, ../web1/lib1/*.js, ../web1/lib1/*.css, ../web1/ui1.lib/*.js, ../web1/ui1.svg/*.js, ../web1/fonts/*.ttf, httpfiles/*, build.txt, label.txt, config.json, plugins.json, wecom-cotacaoservice.js," -copyRTM 1
  Building project ...
      Project output dirctory : arm-debug/cotacao
      Temp directory          : arm-debug\obj\cotacao
      Runtime binary          : jse/arm/generic
      Build Number            : 13B340
  
  Copying runtime jse/arm/generic to arm-debug\cotacao\cotacao...
  Copying icon cotacao/cotacao.png to arm-debug\cotacao\cotacao.png...
  Removing old files from arm-debug\obj\cotacao...
  Creating directories...
  Checking for new items to add...
      .\cotacao\..\web1\appwebsocket\innovaphone.appwebsocket.Connection.js => arm-debug\obj\cotacao\web1\appwebsocket
      .\cotacao\..\web1\lib1\*.js => arm-debug\obj\cotacao\web1\lib1
      .\cotacao\..\web1\lib1\*.css => arm-debug\obj\cotacao\web1\lib1
      .\cotacao\..\web1\ui1.lib\*.js => arm-debug\obj\cotacao\web1\ui1.lib
      .\cotacao\..\web1\ui1.svg\*.js => arm-debug\obj\cotacao\web1\ui1.svg
      .\cotacao\..\web1\fonts\*.ttf => arm-debug\obj\cotacao\web1\fonts
      .\cotacao\httpfiles\* => arm-debug\obj\cotacao
      .\cotacao\build.txt => arm-debug\obj\cotacao
      .\cotacao\label.txt => arm-debug\obj\cotacao
      .\cotacao\config.json => arm-debug\obj\cotacao
      .\cotacao\plugins.json => arm-debug\obj\cotacao
      .\cotacao\wecom-cotacaoservice.js => arm-debug\obj\cotacao
  
  Compressing files to arm-debug\cotacao\httpfiles.zip...
  Comando de build remoto não configurado, ignorando.
