  powershell -ExecutionPolicy Bypass -file build.ps1 -prjout "x86_64-debug/webterminal" -temp "x86_64-debug/obj/" -project "webterminal" -rtm "jse/x86_64/generic" -files "../web1/appwebsocket/innovaphone.appwebsocket.Connection.js, ../web1/lib1/*.js, ../web1/lib1/*.css, ../web1/ui1.lib/*.js, ../web1/ui1.svg/*.js, ../web1/fonts/*.ttf, httpfiles/*, build.txt, label.txt, config.json, plugins.json, wecom-webterminalservice.js," -copyRTM 1
  Building project ...
      Project output dirctory : x86_64-debug/webterminal
      Temp directory          : x86_64-debug\obj\webterminal
      Runtime binary          : jse/x86_64/generic
      Build Number            : 14A1047
  
  Removing old files from x86_64-debug\obj\webterminal...
  Creating directories...
  Checking for new items to add...
      .\webterminal\..\web1\appwebsocket\innovaphone.appwebsocket.Connection.js => x86_64-debug\obj\webterminal\web1\appwebsocket
      .\webterminal\..\web1\lib1\*.js => x86_64-debug\obj\webterminal\web1\lib1
      .\webterminal\..\web1\lib1\*.css => x86_64-debug\obj\webterminal\web1\lib1
      .\webterminal\..\web1\ui1.lib\*.js => x86_64-debug\obj\webterminal\web1\ui1.lib
      .\webterminal\..\web1\ui1.svg\*.js => x86_64-debug\obj\webterminal\web1\ui1.svg
      .\webterminal\..\web1\fonts\*.ttf => x86_64-debug\obj\webterminal\web1\fonts
      .\webterminal\httpfiles\* => x86_64-debug\obj\webterminal
      .\webterminal\build.txt => x86_64-debug\obj\webterminal
      .\webterminal\label.txt => x86_64-debug\obj\webterminal
      .\webterminal\config.json => x86_64-debug\obj\webterminal
      .\webterminal\plugins.json => x86_64-debug\obj\webterminal
      .\webterminal\wecom-webterminalservice.js => x86_64-debug\obj\webterminal
  
  Compressing files to x86_64-debug\webterminal\httpfiles.zip...
  Comando de build remoto não configurado, ignorando.
