  powershell -ExecutionPolicy Bypass -file build.ps1 -prjout "arm-debug/gcalendar" -temp "arm-debug/obj/" -project "gcalendar" -rtm "jse/arm/generic" -files "../web1/appwebsocket/innovaphone.appwebsocket.Connection.js, ../web1/lib1/*.js, ../web1/lib1/*.css, ../web1/ui1.lib/*.js, ../web1/ui1.svg/*.js, ../web1/fonts/*.ttf, httpfiles/*, build.txt, label.txt, config.json, plugins.json, wecom-gcalendarservice.js," -copyRTM 1
  Building project ...
      Project output dirctory : arm-debug/gcalendar
      Temp directory          : arm-debug\obj\gcalendar
      Runtime binary          : jse/arm/generic
      Build Number            : 14A1001
  
  Copying runtime jse/arm/generic to arm-debug\gcalendar\gcalendar...
  Copying icon gcalendar/gcalendar.png to arm-debug\gcalendar\gcalendar.png...
  Removing old files from arm-debug\obj\gcalendar...
  Creating directories...
  Checking for new items to add...
      .\gcalendar\..\web1\appwebsocket\innovaphone.appwebsocket.Connection.js => arm-debug\obj\gcalendar\web1\appwebsocket
      .\gcalendar\..\web1\lib1\*.js => arm-debug\obj\gcalendar\web1\lib1
      .\gcalendar\..\web1\lib1\*.css => arm-debug\obj\gcalendar\web1\lib1
      .\gcalendar\..\web1\ui1.lib\*.js => arm-debug\obj\gcalendar\web1\ui1.lib
      .\gcalendar\..\web1\ui1.svg\*.js => arm-debug\obj\gcalendar\web1\ui1.svg
      .\gcalendar\..\web1\fonts\*.ttf => arm-debug\obj\gcalendar\web1\fonts
      .\gcalendar\httpfiles\* => arm-debug\obj\gcalendar
      .\gcalendar\build.txt => arm-debug\obj\gcalendar
      .\gcalendar\label.txt => arm-debug\obj\gcalendar
      .\gcalendar\config.json => arm-debug\obj\gcalendar
      .\gcalendar\plugins.json => arm-debug\obj\gcalendar
      .\gcalendar\wecom-gcalendarservice.js => arm-debug\obj\gcalendar
  
  Compressing files to arm-debug\gcalendar\httpfiles.zip...
  Comando de build remoto não configurado, ignorando.
