  powershell -ExecutionPolicy Bypass -file build.ps1 -prjout "x86_64-debug/flowe" -temp "x86_64-debug/obj/" -project "flowe" -rtm "jse/x86_64/generic" -files "../web1/appwebsocket/innovaphone.appwebsocket.Connection.js, ../web1/lib1/*.js, ../web1/lib1/*.css, ../web1/ui1.lib/*.js, ../web1/ui1.svg/*.js, ../web1/fonts/*.ttf, httpfiles/*, build.txt, label.txt, config.json, plugins.json, wecom-floweservice.js," -copyRTM 1
  Building project ...
      Project output dirctory : x86_64-debug/flowe
      Temp directory          : x86_64-debug\obj\flowe
      Runtime binary          : jse/x86_64/generic
      Build Number            : 13C371
  
  Removing old files from x86_64-debug\obj\flowe...
  Creating directories...
  Checking for new items to add...
      .\flowe\..\web1\appwebsocket\innovaphone.appwebsocket.Connection.js => x86_64-debug\obj\flowe\web1\appwebsocket
      .\flowe\..\web1\lib1\*.js => x86_64-debug\obj\flowe\web1\lib1
      .\flowe\..\web1\lib1\*.css => x86_64-debug\obj\flowe\web1\lib1
      .\flowe\..\web1\ui1.lib\*.js => x86_64-debug\obj\flowe\web1\ui1.lib
      .\flowe\..\web1\ui1.svg\*.js => x86_64-debug\obj\flowe\web1\ui1.svg
      .\flowe\..\web1\fonts\*.ttf => x86_64-debug\obj\flowe\web1\fonts
      .\flowe\httpfiles\* => x86_64-debug\obj\flowe
      .\flowe\build.txt => x86_64-debug\obj\flowe
      .\flowe\label.txt => x86_64-debug\obj\flowe
      .\flowe\config.json => x86_64-debug\obj\flowe
      .\flowe\plugins.json => x86_64-debug\obj\flowe
      .\flowe\wecom-floweservice.js => x86_64-debug\obj\flowe
  
  Compressing files to x86_64-debug\flowe\httpfiles.zip...
  Comando de build remoto não configurado, ignorando.
