  powershell -ExecutionPolicy Bypass -file build.ps1 -prjout "x86_64-debug/CriticalView" -temp "x86_64-debug/obj/" -project "CriticalView" -rtm "jse/x86_64/generic" -files "../web1/appwebsocket/innovaphone.appwebsocket.Connection.js, ../web1/lib1/*.js, ../web1/lib1/*.css, ../web1/ui1.lib/*.js, ../web1/ui1.svg/*.js, ../web1/fonts/*.ttf, httpfiles/*, build.txt, label.txt, config.json, plugins.json, wecom-criticalviewservice.js," -copyRTM 1
  Building project ...
      Project output dirctory : x86_64-debug/CriticalView
      Temp directory          : x86_64-debug\obj\CriticalView
      Runtime binary          : jse/x86_64/generic
      Build Number            : 13B201
  
  Removing old files from x86_64-debug\obj\CriticalView...
  Creating directories...
  Checking for new items to add...
      .\CriticalView\..\web1\appwebsocket\innovaphone.appwebsocket.Connection.js => x86_64-debug\obj\CriticalView\web1\appwebsocket
      .\CriticalView\..\web1\lib1\*.js => x86_64-debug\obj\CriticalView\web1\lib1
      .\CriticalView\..\web1\lib1\*.css => x86_64-debug\obj\CriticalView\web1\lib1
      .\CriticalView\..\web1\ui1.lib\*.js => x86_64-debug\obj\CriticalView\web1\ui1.lib
      .\CriticalView\..\web1\ui1.svg\*.js => x86_64-debug\obj\CriticalView\web1\ui1.svg
      .\CriticalView\..\web1\fonts\*.ttf => x86_64-debug\obj\CriticalView\web1\fonts
      .\CriticalView\httpfiles\* => x86_64-debug\obj\CriticalView
      .\CriticalView\build.txt => x86_64-debug\obj\CriticalView
      .\CriticalView\label.txt => x86_64-debug\obj\CriticalView
      .\CriticalView\config.json => x86_64-debug\obj\CriticalView
      .\CriticalView\plugins.json => x86_64-debug\obj\CriticalView
      .\CriticalView\wecom-criticalviewservice.js => x86_64-debug\obj\CriticalView
  
  Compressing files to x86_64-debug\CriticalView\httpfiles.zip...
  Comando de build remoto não configurado, ignorando.
