  powershell -ExecutionPolicy Bypass -file build.ps1 -prjout "arm-debug/billboard" -temp "arm-debug/obj/" -project "billboard" -rtm "jse/arm/generic" -files "../web1/appwebsocket/innovaphone.appwebsocket.Connection.js, ../web1/lib1/*.js, ../web1/lib1/*.css, ../web1/ui1.lib/*.js, ../web1/ui1.svg/*.js, ../web1/ui1.popup/*.js, ../web1/com.innovaphone.avatar/*.js, ../web1/fonts/*.ttf, httpfiles/*, build.txt, label.txt, config.json, plugins.json, wecom-billboardservice.js," -copyRTM 1
  Building project ...
      Project output dirctory : arm-debug/billboard
      Temp directory          : arm-debug\obj\billboard
      Runtime binary          : jse/arm/generic
      Build Number            : 13C43
  
  Copying runtime jse/arm/generic to arm-debug\billboard\billboard...
  Copying icon billboard/billboard.png to arm-debug\billboard\billboard.png...
  Removing old files from arm-debug\obj\billboard...
  Creating directories...
  Checking for new items to add...
      .\billboard\..\web1\appwebsocket\innovaphone.appwebsocket.Connection.js => arm-debug\obj\billboard\web1\appwebsocket
      .\billboard\..\web1\lib1\*.js => arm-debug\obj\billboard\web1\lib1
      .\billboard\..\web1\lib1\*.css => arm-debug\obj\billboard\web1\lib1
      .\billboard\..\web1\ui1.lib\*.js => arm-debug\obj\billboard\web1\ui1.lib
      .\billboard\..\web1\ui1.svg\*.js => arm-debug\obj\billboard\web1\ui1.svg
      .\billboard\..\web1\ui1.popup\*.js => arm-debug\obj\billboard\web1\ui1.popup
      .\billboard\..\web1\com.innovaphone.avatar\*.js => arm-debug\obj\billboard\web1\com.innovaphone.avatar
      .\billboard\..\web1\fonts\*.ttf => arm-debug\obj\billboard\web1\fonts
      .\billboard\httpfiles\* => arm-debug\obj\billboard
      .\billboard\build.txt => arm-debug\obj\billboard
      .\billboard\label.txt => arm-debug\obj\billboard
      .\billboard\config.json => arm-debug\obj\billboard
      .\billboard\plugins.json => arm-debug\obj\billboard
      .\billboard\wecom-billboardservice.js => arm-debug\obj\billboard
  
  Compressing files to arm-debug\billboard\httpfiles.zip...
  Comando de build remoto não configurado, ignorando.
