  powershell -ExecutionPolicy Bypass -file build.ps1 -prjout "arm-debug/dwcscheduler" -temp "arm-debug/obj/" -project "dwcscheduler" -rtm "jse/arm/generic" -files "../web1/appwebsocket/innovaphone.appwebsocket.Connection.js, ../web1/lib1/*.js, ../web1/lib1/*.css, ../web1/ui1.lib/*.js, ../web1/ui1.svg/*.js, ../web1/ui1.switch/*.js, ../web1/ui1.popup/*.js, ../web1/com.innovaphone.avatar/*.js, ../web1/ui1.listview/*.js, ../web1/fonts/*.ttf, httpfiles/*, build.txt, label.txt, config.json, plugins.json, wecom-dwcschedulerservice.js," -copyRTM 1
  Building project ...
      Project output dirctory : arm-debug/dwcscheduler
      Temp directory          : arm-debug\obj\dwcscheduler
      Runtime binary          : jse/arm/generic
      Build Number            : 13B155
  
  Copying runtime jse/arm/generic to arm-debug\dwcscheduler\dwcscheduler...
  Copying icon dwcscheduler/dwcscheduler.png to arm-debug\dwcscheduler\dwcscheduler.png...
  Removing old files from arm-debug\obj\dwcscheduler...
  Creating directories...
  Checking for new items to add...
      .\dwcscheduler\..\web1\appwebsocket\innovaphone.appwebsocket.Connection.js => arm-debug\obj\dwcscheduler\web1\appwebsocket
      .\dwcscheduler\..\web1\lib1\*.js => arm-debug\obj\dwcscheduler\web1\lib1
      .\dwcscheduler\..\web1\lib1\*.css => arm-debug\obj\dwcscheduler\web1\lib1
      .\dwcscheduler\..\web1\ui1.lib\*.js => arm-debug\obj\dwcscheduler\web1\ui1.lib
      .\dwcscheduler\..\web1\ui1.svg\*.js => arm-debug\obj\dwcscheduler\web1\ui1.svg
      .\dwcscheduler\..\web1\ui1.switch\*.js => arm-debug\obj\dwcscheduler\web1\ui1.switch
      .\dwcscheduler\..\web1\ui1.popup\*.js => arm-debug\obj\dwcscheduler\web1\ui1.popup
      .\dwcscheduler\..\web1\com.innovaphone.avatar\*.js => arm-debug\obj\dwcscheduler\web1\com.innovaphone.avatar
      .\dwcscheduler\..\web1\ui1.listview\*.js => arm-debug\obj\dwcscheduler\web1\ui1.listview
      .\dwcscheduler\..\web1\fonts\*.ttf => arm-debug\obj\dwcscheduler\web1\fonts
      .\dwcscheduler\httpfiles\* => arm-debug\obj\dwcscheduler
      .\dwcscheduler\build.txt => arm-debug\obj\dwcscheduler
      .\dwcscheduler\label.txt => arm-debug\obj\dwcscheduler
      .\dwcscheduler\config.json => arm-debug\obj\dwcscheduler
      .\dwcscheduler\plugins.json => arm-debug\obj\dwcscheduler
      .\dwcscheduler\wecom-dwcschedulerservice.js => arm-debug\obj\dwcscheduler
  
  Compressing files to arm-debug\dwcscheduler\httpfiles.zip...
  Comando de build remoto não configurado, ignorando.
