  powershell -ExecutionPolicy Bypass -file build.ps1 -prjout "x86_64-debug/dwcscheduler" -temp "x86_64-debug/obj/" -project "dwcscheduler" -rtm "jse/x86_64/generic" -files "../web1/appwebsocket/innovaphone.appwebsocket.Connection.js, ../web1/lib1/*.js, ../web1/lib1/*.css, ../web1/ui1.lib/*.js, ../web1/ui1.svg/*.js, ../web1/ui1.switch/*.js, ../web1/ui1.popup/*.js, ../web1/com.innovaphone.avatar/*.js, ../web1/ui1.listview/*.js, ../web1/fonts/*.ttf, httpfiles/*, build.txt, label.txt, config.json, plugins.json, wecom-dwcschedulerservice.js," -copyRTM 1
  Building project ...
      Project output dirctory : x86_64-debug/dwcscheduler
      Temp directory          : x86_64-debug\obj\dwcscheduler
      Runtime binary          : jse/x86_64/generic
      Build Number            : 13B63
  
  Removing old files from x86_64-debug\obj\dwcscheduler...
  Creating directories...
  Checking for new items to add...
      .\dwcscheduler\..\web1\appwebsocket\innovaphone.appwebsocket.Connection.js => x86_64-debug\obj\dwcscheduler\web1\appwebsocket
      .\dwcscheduler\..\web1\lib1\*.js => x86_64-debug\obj\dwcscheduler\web1\lib1
      .\dwcscheduler\..\web1\lib1\*.css => x86_64-debug\obj\dwcscheduler\web1\lib1
      .\dwcscheduler\..\web1\ui1.lib\*.js => x86_64-debug\obj\dwcscheduler\web1\ui1.lib
      .\dwcscheduler\..\web1\ui1.svg\*.js => x86_64-debug\obj\dwcscheduler\web1\ui1.svg
      .\dwcscheduler\..\web1\ui1.switch\*.js => x86_64-debug\obj\dwcscheduler\web1\ui1.switch
      .\dwcscheduler\..\web1\ui1.popup\*.js => x86_64-debug\obj\dwcscheduler\web1\ui1.popup
      .\dwcscheduler\..\web1\com.innovaphone.avatar\*.js => x86_64-debug\obj\dwcscheduler\web1\com.innovaphone.avatar
      .\dwcscheduler\..\web1\ui1.listview\*.js => x86_64-debug\obj\dwcscheduler\web1\ui1.listview
      .\dwcscheduler\..\web1\fonts\*.ttf => x86_64-debug\obj\dwcscheduler\web1\fonts
      .\dwcscheduler\httpfiles\* => x86_64-debug\obj\dwcscheduler
      .\dwcscheduler\build.txt => x86_64-debug\obj\dwcscheduler
      .\dwcscheduler\label.txt => x86_64-debug\obj\dwcscheduler
      .\dwcscheduler\config.json => x86_64-debug\obj\dwcscheduler
      .\dwcscheduler\plugins.json => x86_64-debug\obj\dwcscheduler
      .\dwcscheduler\wecom-dwcschedulerservice.js => x86_64-debug\obj\dwcscheduler
  
  Compressing files to x86_64-debug\dwcscheduler\httpfiles.zip...
  Comando de build remoto não configurado, ignorando.
