  powershell -ExecutionPolicy Bypass -file build.ps1 -prjout "x86_64-debug/mural" -temp "x86_64-debug/obj/" -project "mural" -rtm "jse/x86_64/generic" -files "../web1/appwebsocket/innovaphone.appwebsocket.Connection.js, ../web1/lib1/*.js, ../web1/lib1/*.css, ../web1/ui1.lib/*.js, ../web1/ui1.svg/*.js, ../web1/ui1.switch/*.js, ../web1/ui1.popup/*.js, ../web1/com.innovaphone.avatar/*.js, ../web1/ui1.listview/*.js, ../web1/fonts/*.ttf, httpfiles/*, build.txt, label.txt, config.json, plugins.json, wecom-muralservice.js," -copyRTM 1
  Building project ...
      Project output dirctory : x86_64-debug/mural
      Temp directory          : x86_64-debug\obj\mural
      Runtime binary          : jse/x86_64/generic
      Build Number            : 13C143
  
  Removing old files from x86_64-debug\obj\mural...
  Creating directories...
  Checking for new items to add...
      .\mural\..\web1\appwebsocket\innovaphone.appwebsocket.Connection.js => x86_64-debug\obj\mural\web1\appwebsocket
      .\mural\..\web1\lib1\*.js => x86_64-debug\obj\mural\web1\lib1
      .\mural\..\web1\lib1\*.css => x86_64-debug\obj\mural\web1\lib1
      .\mural\..\web1\ui1.lib\*.js => x86_64-debug\obj\mural\web1\ui1.lib
      .\mural\..\web1\ui1.svg\*.js => x86_64-debug\obj\mural\web1\ui1.svg
      .\mural\..\web1\ui1.switch\*.js => x86_64-debug\obj\mural\web1\ui1.switch
      .\mural\..\web1\ui1.popup\*.js => x86_64-debug\obj\mural\web1\ui1.popup
      .\mural\..\web1\com.innovaphone.avatar\*.js => x86_64-debug\obj\mural\web1\com.innovaphone.avatar
      .\mural\..\web1\ui1.listview\*.js => x86_64-debug\obj\mural\web1\ui1.listview
      .\mural\..\web1\fonts\*.ttf => x86_64-debug\obj\mural\web1\fonts
      .\mural\httpfiles\* => x86_64-debug\obj\mural
      .\mural\build.txt => x86_64-debug\obj\mural
      .\mural\label.txt => x86_64-debug\obj\mural
      .\mural\config.json => x86_64-debug\obj\mural
      .\mural\plugins.json => x86_64-debug\obj\mural
      .\mural\wecom-muralservice.js => x86_64-debug\obj\mural
  
  Compressing files to x86_64-debug\mural\httpfiles.zip...
  Comando de build remoto não configurado, ignorando.
