  powershell -ExecutionPolicy Bypass -file build.ps1 -prjout "x86_64-debug/restaurante" -temp "x86_64-debug/obj/" -project "restaurante" -rtm "jse/x86_64/generic" -files "../web1/appwebsocket/innovaphone.appwebsocket.Connection.js, ../web1/lib1/*.js, ../web1/lib1/*.css, ../web1/ui1.lib/*.js, ../web1/ui1.svg/*.js, ../web1/fonts/*.ttf, httpfiles/*, build.txt, label.txt, config.json, plugins.json, wecom-restauranteservice.js," -copyRTM 1
  Building project ...
      Project output dirctory : x86_64-debug/restaurante
      Temp directory          : x86_64-debug\obj\restaurante
      Runtime binary          : jse/x86_64/generic
      Build Number            : 13B234
  
  Removing old files from x86_64-debug\obj\restaurante...
  Creating directories...
  Checking for new items to add...
      .\restaurante\..\web1\appwebsocket\innovaphone.appwebsocket.Connection.js => x86_64-debug\obj\restaurante\web1\appwebsocket
      .\restaurante\..\web1\lib1\*.js => x86_64-debug\obj\restaurante\web1\lib1
      .\restaurante\..\web1\lib1\*.css => x86_64-debug\obj\restaurante\web1\lib1
      .\restaurante\..\web1\ui1.lib\*.js => x86_64-debug\obj\restaurante\web1\ui1.lib
      .\restaurante\..\web1\ui1.svg\*.js => x86_64-debug\obj\restaurante\web1\ui1.svg
      .\restaurante\..\web1\fonts\*.ttf => x86_64-debug\obj\restaurante\web1\fonts
      .\restaurante\httpfiles\* => x86_64-debug\obj\restaurante
      .\restaurante\build.txt => x86_64-debug\obj\restaurante
      .\restaurante\label.txt => x86_64-debug\obj\restaurante
      .\restaurante\config.json => x86_64-debug\obj\restaurante
      .\restaurante\plugins.json => x86_64-debug\obj\restaurante
      .\restaurante\wecom-restauranteservice.js => x86_64-debug\obj\restaurante
  
  Compressing files to x86_64-debug\restaurante\httpfiles.zip...
  Comando de build remoto não configurado, ignorando.
