  powershell -ExecutionPolicy Bypass -file build.ps1 -prjout "x86_64-debug/space" -temp "x86_64-debug/obj/" -project "space" -rtm "jse/x86_64/generic" -files "../web1/appwebsocket/innovaphone.appwebsocket.Connection.js, ../web1/lib1/*.js, ../web1/lib1/*.css, ../web1/ui1.lib/*.js, ../web1/ui1.svg/*.js, ../web1/fonts/*.ttf, httpfiles/*, build.txt, label.txt, config.json, plugins.json, wecom-spaceservice.js," -copyRTM 1
  Building project ...
      Project output dirctory : x86_64-debug/space
      Temp directory          : x86_64-debug\obj\space
      Runtime binary          : jse/x86_64/generic
      Build Number            : 13B143
  
  Removing old files from x86_64-debug\obj\space...
  Creating directories...
  Checking for new items to add...
      .\space\..\web1\appwebsocket\innovaphone.appwebsocket.Connection.js => x86_64-debug\obj\space\web1\appwebsocket
      .\space\..\web1\lib1\*.js => x86_64-debug\obj\space\web1\lib1
      .\space\..\web1\lib1\*.css => x86_64-debug\obj\space\web1\lib1
      .\space\..\web1\ui1.lib\*.js => x86_64-debug\obj\space\web1\ui1.lib
      .\space\..\web1\ui1.svg\*.js => x86_64-debug\obj\space\web1\ui1.svg
      .\space\..\web1\fonts\*.ttf => x86_64-debug\obj\space\web1\fonts
      .\space\httpfiles\* => x86_64-debug\obj\space
      .\space\build.txt => x86_64-debug\obj\space
      .\space\label.txt => x86_64-debug\obj\space
      .\space\config.json => x86_64-debug\obj\space
      .\space\plugins.json => x86_64-debug\obj\space
      .\space\wecom-spaceservice.js => x86_64-debug\obj\space
  
  Compressing files to x86_64-debug\space\httpfiles.zip...
  Comando de build remoto não configurado, ignorando.
