  powershell -ExecutionPolicy Bypass -file build.ps1 -prjout "x86_64-debug/novaalert" -temp "x86_64-debug/obj/" -project "novaalert" -rtm "jse/x86_64/generic" -files "../web1/appwebsocket/innovaphone.appwebsocket.Connection.js, ../web1/lib1/*.js, ../web1/lib1/*.css, ../web1/ui1.lib/*.js, ../web1/ui1.svg/*.js, ../web1/fonts/*.ttf, httpfiles/*, build.txt, label.txt, config.json, plugins.json, wecom-novaalertservice.js," -copyRTM 1
  Building project ...
      Project output dirctory : x86_64-debug/novaalert
      Temp directory          : x86_64-debug\obj\novaalert
      Runtime binary          : jse/x86_64/generic
      Build Number            : 13B107
  
  Removing old files from x86_64-debug\obj\novaalert...
  Creating directories...
  Checking for new items to add...
      .\novaalert\..\web1\appwebsocket\innovaphone.appwebsocket.Connection.js => x86_64-debug\obj\novaalert\web1\appwebsocket
      .\novaalert\..\web1\lib1\*.js => x86_64-debug\obj\novaalert\web1\lib1
      .\novaalert\..\web1\lib1\*.css => x86_64-debug\obj\novaalert\web1\lib1
      .\novaalert\..\web1\ui1.lib\*.js => x86_64-debug\obj\novaalert\web1\ui1.lib
      .\novaalert\..\web1\ui1.svg\*.js => x86_64-debug\obj\novaalert\web1\ui1.svg
      .\novaalert\..\web1\fonts\*.ttf => x86_64-debug\obj\novaalert\web1\fonts
      .\novaalert\httpfiles\* => x86_64-debug\obj\novaalert
      .\novaalert\build.txt => x86_64-debug\obj\novaalert
      .\novaalert\label.txt => x86_64-debug\obj\novaalert
      .\novaalert\config.json => x86_64-debug\obj\novaalert
      .\novaalert\plugins.json => x86_64-debug\obj\novaalert
      .\novaalert\wecom-novaalertservice.js => x86_64-debug\obj\novaalert
  
  Compressing files to x86_64-debug\novaalert\httpfiles.zip...
  Comando de build remoto não configurado, ignorando.
