  powershell -ExecutionPolicy Bypass -file build.ps1 -prjout "arm64-debug/novaalert" -temp "arm64-debug/obj/" -project "novaalert" -rtm "jse/arm64/generic" -files "../web1/appwebsocket/innovaphone.appwebsocket.Connection.js, ../web1/lib1/*.js, ../web1/lib1/*.css, ../web1/ui1.lib/*.js, ../web1/ui1.switch/*.js, ../web1/ui1.popup/*.js, ../web1/com.innovaphone.avatar/*.js, ../web1/ui1.listview/*.js, ../web1/ui1.svg/*.js, ../web1/fonts/*.ttf, httpfiles/*, build.txt, label.txt, config.json, plugins.json, wecom-novaalertservice.js," -copyRTM 1
  Building project ...
      Project output dirctory : arm64-debug/novaalert
      Temp directory          : arm64-debug\obj\novaalert
      Runtime binary          : jse/arm64/generic
      Build Number            : 13B1471
  
  Removing old files from arm64-debug\obj\novaalert...
  Creating directories...
  Checking for new items to add...
      .\novaalert\..\web1\appwebsocket\innovaphone.appwebsocket.Connection.js => arm64-debug\obj\novaalert\web1\appwebsocket
      .\novaalert\..\web1\lib1\*.js => arm64-debug\obj\novaalert\web1\lib1
      .\novaalert\..\web1\lib1\*.css => arm64-debug\obj\novaalert\web1\lib1
      .\novaalert\..\web1\ui1.lib\*.js => arm64-debug\obj\novaalert\web1\ui1.lib
      .\novaalert\..\web1\ui1.switch\*.js => arm64-debug\obj\novaalert\web1\ui1.switch
      .\novaalert\..\web1\ui1.popup\*.js => arm64-debug\obj\novaalert\web1\ui1.popup
      .\novaalert\..\web1\com.innovaphone.avatar\*.js => arm64-debug\obj\novaalert\web1\com.innovaphone.avatar
      .\novaalert\..\web1\ui1.listview\*.js => arm64-debug\obj\novaalert\web1\ui1.listview
      .\novaalert\..\web1\ui1.svg\*.js => arm64-debug\obj\novaalert\web1\ui1.svg
      .\novaalert\..\web1\fonts\*.ttf => arm64-debug\obj\novaalert\web1\fonts
      .\novaalert\httpfiles\* => arm64-debug\obj\novaalert
      .\novaalert\build.txt => arm64-debug\obj\novaalert
      .\novaalert\label.txt => arm64-debug\obj\novaalert
      .\novaalert\config.json => arm64-debug\obj\novaalert
      .\novaalert\plugins.json => arm64-debug\obj\novaalert
      .\novaalert\wecom-novaalertservice.js => arm64-debug\obj\novaalert
  
  Compressing files to arm64-debug\novaalert\httpfiles.zip...
  Comando de build remoto não configurado, ignorando.
