  powershell -ExecutionPolicy Bypass -file build.ps1 -prjout "arm64-debug/wecall" -temp "arm64-debug/obj/" -project "wecall" -rtm "jse/arm64/generic" -files "../web1/appwebsocket/innovaphone.appwebsocket.Connection.js, ../web1/lib1/*.js, ../web1/lib1/*.css, ../web1/ui1.lib/*.js, ../web1/ui1.switch/*.js, ../web1/ui1.popup/*.js, ../web1/ui1.popup/*.js, ../web1/com.innovaphone.avatar/*.js, ../web1/ui1.listview/*.js, ../web1/ui1.svg/*.js, ../web1/fonts/*.ttf, httpfiles/*, build.txt, label.txt, config.json, plugins.json, wecom-wecallservice.js," -copyRTM 1
  Building project ...
      Project output dirctory : arm64-debug/wecall
      Temp directory          : arm64-debug\obj\wecall
      Runtime binary          : jse/arm64/generic
      Build Number            : 13B804
  
  Removing old files from arm64-debug\obj\wecall...
  Creating directories...
  Checking for new items to add...
      .\wecall\..\web1\appwebsocket\innovaphone.appwebsocket.Connection.js => arm64-debug\obj\wecall\web1\appwebsocket
      .\wecall\..\web1\lib1\*.js => arm64-debug\obj\wecall\web1\lib1
      .\wecall\..\web1\lib1\*.css => arm64-debug\obj\wecall\web1\lib1
      .\wecall\..\web1\ui1.lib\*.js => arm64-debug\obj\wecall\web1\ui1.lib
      .\wecall\..\web1\ui1.switch\*.js => arm64-debug\obj\wecall\web1\ui1.switch
      .\wecall\..\web1\ui1.popup\*.js => arm64-debug\obj\wecall\web1\ui1.popup
      .\wecall\..\web1\ui1.popup\*.js => arm64-debug\obj\wecall\web1\ui1.popup
      .\wecall\..\web1\com.innovaphone.avatar\*.js => arm64-debug\obj\wecall\web1\com.innovaphone.avatar
      .\wecall\..\web1\ui1.listview\*.js => arm64-debug\obj\wecall\web1\ui1.listview
      .\wecall\..\web1\ui1.svg\*.js => arm64-debug\obj\wecall\web1\ui1.svg
      .\wecall\..\web1\fonts\*.ttf => arm64-debug\obj\wecall\web1\fonts
      .\wecall\httpfiles\* => arm64-debug\obj\wecall
      .\wecall\build.txt => arm64-debug\obj\wecall
      .\wecall\label.txt => arm64-debug\obj\wecall
      .\wecall\config.json => arm64-debug\obj\wecall
      .\wecall\plugins.json => arm64-debug\obj\wecall
      .\wecall\wecom-wecallservice.js => arm64-debug\obj\wecall
  
  Compressing files to arm64-debug\wecall\httpfiles.zip...
  Comando de build remoto não configurado, ignorando.
