  powershell -ExecutionPolicy Bypass -file build.ps1 -prjout "x86_64-debug/wecall" -temp "x86_64-debug/obj/" -project "wecall" -rtm "jse/x86_64/generic" -files "../web1/appwebsocket/innovaphone.appwebsocket.Connection.js, ../web1/lib1/*.js, ../web1/lib1/*.css, ../web1/ui1.lib/*.js, ../web1/ui1.switch/*.js, ../web1/ui1.svg/*.js, ../web1/fonts/*.ttf, httpfiles/*, build.txt, label.txt, config.json, plugins.json, wecom-wecallservice.js," -copyRTM 1
  Building project ...
      Project output dirctory : x86_64-debug/wecall
      Temp directory          : x86_64-debug\obj\wecall
      Runtime binary          : jse/x86_64/generic
      Build Number            : 13B446
  
  Removing old files from x86_64-debug\obj\wecall...
  Creating directories...
  Checking for new items to add...
      .\wecall\..\web1\appwebsocket\innovaphone.appwebsocket.Connection.js => x86_64-debug\obj\wecall\web1\appwebsocket
      .\wecall\..\web1\lib1\*.js => x86_64-debug\obj\wecall\web1\lib1
      .\wecall\..\web1\lib1\*.css => x86_64-debug\obj\wecall\web1\lib1
      .\wecall\..\web1\ui1.lib\*.js => x86_64-debug\obj\wecall\web1\ui1.lib
      .\wecall\..\web1\ui1.switch\*.js => x86_64-debug\obj\wecall\web1\ui1.switch
      .\wecall\..\web1\ui1.svg\*.js => x86_64-debug\obj\wecall\web1\ui1.svg
      .\wecall\..\web1\fonts\*.ttf => x86_64-debug\obj\wecall\web1\fonts
      .\wecall\httpfiles\* => x86_64-debug\obj\wecall
      .\wecall\build.txt => x86_64-debug\obj\wecall
      .\wecall\label.txt => x86_64-debug\obj\wecall
      .\wecall\config.json => x86_64-debug\obj\wecall
      .\wecall\plugins.json => x86_64-debug\obj\wecall
      .\wecall\wecom-wecallservice.js => x86_64-debug\obj\wecall
  
  Compressing files to x86_64-debug\wecall\httpfiles.zip...
  ZipArchiveHelper : O processo não pode acessar o arquivo 'C:\Users\danil\OneDrive - Wecom S 
  A\GitHub\innovaphone\wecall\wecall\x86_64-debug\obj\wecall\wecom-wecall.png' porque ele está sendo usado por outro 
  processo.
  No 
  C:\Windows\system32\WindowsPowerShell\v1.0\Modules\Microsoft.PowerShell.Archive\Microsoft.PowerShell.Archive.psm1:632 
  caractere:30
  + ... sArchived = ZipArchiveHelper $sourceFilePaths $destinationPath $compr ...
  +                 ~~~~~~~~~~~~~~~~~~~~~~~~~~~~~~~~~~~~~~~~~~~~~~~~~~~~~~~~~
      + CategoryInfo          : PermissionDenied: (C:\Users\danil\...ecom-wecall.png:String) [Write-Error], IOException
      + FullyQualifiedErrorId : CompressArchiveUnauthorizedAccessError,ZipArchiveHelper
   
  New-Object : Exceção ao chamar ".ctor" com "1" argumento(s): "O fluxo não era legível."
  No 
  C:\Windows\system32\WindowsPowerShell\v1.0\Modules\Microsoft.PowerShell.Archive\Microsoft.PowerShell.Archive.psm1:808 
  caractere:38
  + ...     $srcStream = New-Object System.IO.BinaryReader $currentFileStream
  +                      ~~~~~~~~~~~~~~~~~~~~~~~~~~~~~~~~~~~~~~~~~~~~~~~~~~~~
      + CategoryInfo          : InvalidOperation: (:) [New-Object], MethodInvocationException
      + FullyQualifiedErrorId : ConstructorInvokedThrowException,Microsoft.PowerShell.Commands.NewObjectCommand
   
  Comando de build remoto não configurado, ignorando.
