  powershell -ExecutionPolicy Bypass -file build.ps1 -prjout "x86_64-debug/coreconnector" -temp "x86_64-debug/obj/" -project "coreconnector" -rtm "jse/x86_64/generic" -files "../web1/appwebsocket/innovaphone.appwebsocket.Connection.js, ../web1/lib1/*.js, ../web1/lib1/*.css, ../web1/ui1.lib/*.js, ../web1/ui1.svg/*.js, ../web1/fonts/*.ttf, httpfiles/*, build.txt, label.txt, config.json, plugins.json, wecom-coreconnectorservice.js," -copyRTM 1
  Building project ...
      Project output dirctory : x86_64-debug/coreconnector
      Temp directory          : x86_64-debug\obj\coreconnector
      Runtime binary          : jse/x86_64/generic
      Build Number            : 14A1144
  
  Removing old files from x86_64-debug\obj\coreconnector...
  Creating directories...
  Checking for new items to add...
      .\coreconnector\..\web1\appwebsocket\innovaphone.appwebsocket.Connection.js => x86_64-debug\obj\coreconnector\web1\appwebsocket
      .\coreconnector\..\web1\lib1\*.js => x86_64-debug\obj\coreconnector\web1\lib1
      .\coreconnector\..\web1\lib1\*.css => x86_64-debug\obj\coreconnector\web1\lib1
      .\coreconnector\..\web1\ui1.lib\*.js => x86_64-debug\obj\coreconnector\web1\ui1.lib
      .\coreconnector\..\web1\ui1.svg\*.js => x86_64-debug\obj\coreconnector\web1\ui1.svg
      .\coreconnector\..\web1\fonts\*.ttf => x86_64-debug\obj\coreconnector\web1\fonts
      .\coreconnector\httpfiles\* => x86_64-debug\obj\coreconnector
      .\coreconnector\build.txt => x86_64-debug\obj\coreconnector
      .\coreconnector\label.txt => x86_64-debug\obj\coreconnector
      .\coreconnector\config.json => x86_64-debug\obj\coreconnector
      .\coreconnector\plugins.json => x86_64-debug\obj\coreconnector
      .\coreconnector\wecom-coreconnectorservice.js => x86_64-debug\obj\coreconnector
  
  Compressing files to x86_64-debug\coreconnector\httpfiles.zip...
  Comando de build remoto não configurado, ignorando.
