  powershell -ExecutionPolicy Bypass -file build.ps1 -prjout "x86_64-debug/billboard" -temp "x86_64-debug/obj/" -project "billboard" -rtm "jse/x86_64/generic" -files "../web1/appwebsocket/innovaphone.appwebsocket.Connection.js, ../web1/lib1/*.js, ../web1/lib1/*.css, ../web1/ui1.lib/*.js, ../web1/ui1.svg/*.js, ../web1/fonts/*.ttf, httpfiles/*, build.txt, label.txt, config.json, plugins.json, wecom-billboardservice.js," -copyRTM 1
  Building project ...
      Project output dirctory : x86_64-debug/billboard
      Temp directory          : x86_64-debug\obj\billboard
      Runtime binary          : jse/x86_64/generic
      Build Number            : 13C166
  
  Removing old files from x86_64-debug\obj\billboard...
  Creating directories...
  Checking for new items to add...
      .\billboard\..\web1\appwebsocket\innovaphone.appwebsocket.Connection.js => x86_64-debug\obj\billboard\web1\appwebsocket
      .\billboard\..\web1\lib1\*.js => x86_64-debug\obj\billboard\web1\lib1
      .\billboard\..\web1\lib1\*.css => x86_64-debug\obj\billboard\web1\lib1
      .\billboard\..\web1\ui1.lib\*.js => x86_64-debug\obj\billboard\web1\ui1.lib
      .\billboard\..\web1\ui1.svg\*.js => x86_64-debug\obj\billboard\web1\ui1.svg
      .\billboard\..\web1\fonts\*.ttf => x86_64-debug\obj\billboard\web1\fonts
      .\billboard\httpfiles\* => x86_64-debug\obj\billboard
      .\billboard\build.txt => x86_64-debug\obj\billboard
      .\billboard\label.txt => x86_64-debug\obj\billboard
      .\billboard\config.json => x86_64-debug\obj\billboard
      .\billboard\plugins.json => x86_64-debug\obj\billboard
      .\billboard\wecom-billboardservice.js => x86_64-debug\obj\billboard
  
  Compressing files to x86_64-debug\billboard\httpfiles.zip...
  Comando de build remoto não configurado, ignorando.
