  powershell -ExecutionPolicy Bypass -file build.ps1 -prjout "arm-debug/mural" -temp "arm-debug/obj/" -project "mural" -rtm "jse/arm/generic" -files "../web1/appwebsocket/innovaphone.appwebsocket.Connection.js, ../web1/lib1/*.js, ../web1/lib1/*.css, ../web1/ui1.lib/*.js, ../web1/ui1.svg/*.js, ../web1/fonts/*.ttf, httpfiles/*, build.txt, label.txt, config.json, plugins.json, wecom-muralservice.js," -copyRTM 1
  Building project ...
      Project output dirctory : arm-debug/mural
      Temp directory          : arm-debug\obj\mural
      Runtime binary          : jse/arm/generic
      Build Number            : 13C101
  
  Copying runtime jse/arm/generic to arm-debug\mural\mural...
  Copying icon mural/mural.png to arm-debug\mural\mural.png...
  Removing old files from arm-debug\obj\mural...
  Creating directories...
  Checking for new items to add...
      .\mural\..\web1\appwebsocket\innovaphone.appwebsocket.Connection.js => arm-debug\obj\mural\web1\appwebsocket
      .\mural\..\web1\lib1\*.js => arm-debug\obj\mural\web1\lib1
      .\mural\..\web1\lib1\*.css => arm-debug\obj\mural\web1\lib1
      .\mural\..\web1\ui1.lib\*.js => arm-debug\obj\mural\web1\ui1.lib
      .\mural\..\web1\ui1.svg\*.js => arm-debug\obj\mural\web1\ui1.svg
      .\mural\..\web1\fonts\*.ttf => arm-debug\obj\mural\web1\fonts
      .\mural\httpfiles\* => arm-debug\obj\mural
      .\mural\build.txt => arm-debug\obj\mural
      .\mural\label.txt => arm-debug\obj\mural
      .\mural\config.json => arm-debug\obj\mural
      .\mural\plugins.json => arm-debug\obj\mural
      .\mural\wecom-muralservice.js => arm-debug\obj\mural
  
  Compressing files to arm-debug\mural\httpfiles.zip...
  Comando de build remoto não configurado, ignorando.
