  powershell -ExecutionPolicy Bypass -file build.ps1 -prjout "x86_64-debug/gcalendar" -temp "x86_64-debug/obj/" -project "gcalendar" -rtm "jse/x86_64/generic" -files "../web1/appwebsocket/innovaphone.appwebsocket.Connection.js, ../web1/lib1/*.js, ../web1/lib1/*.css, ../web1/ui1.lib/*.js, ../web1/ui1.svg/*.js, ../web1/fonts/*.ttf, httpfiles/*, build.txt, label.txt, config.json, plugins.json, wecom-gcalendarservice.js," -copyRTM 1
  Building project ...
      Project output dirctory : x86_64-debug/gcalendar
      Temp directory          : x86_64-debug\obj\gcalendar
      Runtime binary          : jse/x86_64/generic
      Build Number            : 14A1151
  
  Removing old files from x86_64-debug\obj\gcalendar...
  Creating directories...
  Checking for new items to add...
      .\gcalendar\..\web1\appwebsocket\innovaphone.appwebsocket.Connection.js => x86_64-debug\obj\gcalendar\web1\appwebsocket
      .\gcalendar\..\web1\lib1\*.js => x86_64-debug\obj\gcalendar\web1\lib1
      .\gcalendar\..\web1\lib1\*.css => x86_64-debug\obj\gcalendar\web1\lib1
      .\gcalendar\..\web1\ui1.lib\*.js => x86_64-debug\obj\gcalendar\web1\ui1.lib
      .\gcalendar\..\web1\ui1.svg\*.js => x86_64-debug\obj\gcalendar\web1\ui1.svg
      .\gcalendar\..\web1\fonts\*.ttf => x86_64-debug\obj\gcalendar\web1\fonts
      .\gcalendar\httpfiles\* => x86_64-debug\obj\gcalendar
      .\gcalendar\build.txt => x86_64-debug\obj\gcalendar
      .\gcalendar\label.txt => x86_64-debug\obj\gcalendar
      .\gcalendar\config.json => x86_64-debug\obj\gcalendar
      .\gcalendar\plugins.json => x86_64-debug\obj\gcalendar
      .\gcalendar\wecom-gcalendarservice.js => x86_64-debug\obj\gcalendar
  
  Compressing files to x86_64-debug\gcalendar\httpfiles.zip...
  Comando de build remoto não configurado, ignorando.
